{"D:\\Francisco\\varios\\Node\\Prueba\\PruebaFPay\\controllers\\calculoController.js": {"path":"D:\\Francisco\\varios\\Node\\Prueba\\PruebaFPay\\controllers\\calculoController.js","statementMap":{"0":{"start":{"line":1,"column":30},"end":{"line":1,"column":48}},"1":{"start":{"line":2,"column":29},"end":{"line":2,"column":57}},"2":{"start":{"line":5,"column":22},"end":{"line":15,"column":1}},"3":{"start":{"line":7,"column":20},"end":{"line":7,"column":29}},"4":{"start":{"line":8,"column":20},"end":{"line":8,"column":22}},"5":{"start":{"line":9,"column":20},"end":{"line":9,"column":36}},"6":{"start":{"line":11,"column":4},"end":{"line":14,"column":7}},"7":{"start":{"line":18,"column":18},"end":{"line":54,"column":1}},"8":{"start":{"line":21,"column":17},"end":{"line":21,"column":19}},"9":{"start":{"line":22,"column":20},"end":{"line":22,"column":22}},"10":{"start":{"line":23,"column":4},"end":{"line":51,"column":9}},"11":{"start":{"line":25,"column":12},"end":{"line":28,"column":63}},"12":{"start":{"line":26,"column":16},"end":{"line":26,"column":64}},"13":{"start":{"line":28,"column":16},"end":{"line":28,"column":63}},"14":{"start":{"line":31,"column":12},"end":{"line":44,"column":13}},"15":{"start":{"line":31,"column":32},"end":{"line":31,"column":37}},"16":{"start":{"line":32,"column":28},"end":{"line":32,"column":32}},"17":{"start":{"line":33,"column":36},"end":{"line":33,"column":68}},"18":{"start":{"line":35,"column":16},"end":{"line":41,"column":17}},"19":{"start":{"line":35,"column":32},"end":{"line":35,"column":33}},"20":{"start":{"line":37,"column":20},"end":{"line":40,"column":21}},"21":{"start":{"line":38,"column":24},"end":{"line":38,"column":39}},"22":{"start":{"line":39,"column":24},"end":{"line":39,"column":30}},"23":{"start":{"line":42,"column":16},"end":{"line":43,"column":45}},"24":{"start":{"line":43,"column":20},"end":{"line":43,"column":45}},"25":{"start":{"line":46,"column":12},"end":{"line":49,"column":73}},"26":{"start":{"line":47,"column":16},"end":{"line":47,"column":74}},"27":{"start":{"line":49,"column":16},"end":{"line":49,"column":73}},"28":{"start":{"line":53,"column":4},"end":{"line":53,"column":67}},"29":{"start":{"line":56,"column":0},"end":{"line":59,"column":1}}},"fnMap":{"0":{"name":"(anonymous_0)","decl":{"start":{"line":5,"column":22},"end":{"line":5,"column":23}},"loc":{"start":{"line":5,"column":56},"end":{"line":15,"column":1}},"line":5},"1":{"name":"(anonymous_1)","decl":{"start":{"line":18,"column":18},"end":{"line":18,"column":19}},"loc":{"start":{"line":19,"column":0},"end":{"line":54,"column":1}},"line":19}},"branchMap":{"0":{"loc":{"start":{"line":5,"column":23},"end":{"line":5,"column":36}},"type":"default-arg","locations":[{"start":{"line":5,"column":29},"end":{"line":5,"column":36}}],"line":5},"1":{"loc":{"start":{"line":5,"column":38},"end":{"line":5,"column":52}},"type":"default-arg","locations":[{"start":{"line":5,"column":44},"end":{"line":5,"column":52}}],"line":5},"2":{"loc":{"start":{"line":23,"column":4},"end":{"line":51,"column":9}},"type":"if","locations":[{"start":{"line":23,"column":4},"end":{"line":51,"column":9}},{"start":{"line":23,"column":4},"end":{"line":51,"column":9}}],"line":23},"3":{"loc":{"start":{"line":23,"column":7},"end":{"line":23,"column":41}},"type":"binary-expr","locations":[{"start":{"line":23,"column":7},"end":{"line":23,"column":19}},{"start":{"line":23,"column":23},"end":{"line":23,"column":41}}],"line":23},"4":{"loc":{"start":{"line":25,"column":12},"end":{"line":28,"column":63}},"type":"if","locations":[{"start":{"line":25,"column":12},"end":{"line":28,"column":63}},{"start":{"line":25,"column":12},"end":{"line":28,"column":63}}],"line":25},"5":{"loc":{"start":{"line":37,"column":20},"end":{"line":40,"column":21}},"type":"if","locations":[{"start":{"line":37,"column":20},"end":{"line":40,"column":21}},{"start":{"line":37,"column":20},"end":{"line":40,"column":21}}],"line":37},"6":{"loc":{"start":{"line":42,"column":16},"end":{"line":43,"column":45}},"type":"if","locations":[{"start":{"line":42,"column":16},"end":{"line":43,"column":45}},{"start":{"line":42,"column":16},"end":{"line":43,"column":45}}],"line":42},"7":{"loc":{"start":{"line":46,"column":12},"end":{"line":49,"column":73}},"type":"if","locations":[{"start":{"line":46,"column":12},"end":{"line":49,"column":73}},{"start":{"line":46,"column":12},"end":{"line":49,"column":73}}],"line":46}},"s":{"0":1,"1":1,"2":1,"3":0,"4":0,"5":0,"6":0,"7":1,"8":4,"9":4,"10":4,"11":2,"12":1,"13":1,"14":2,"15":2,"16":14,"17":14,"18":14,"19":14,"20":16,"21":8,"22":8,"23":14,"24":6,"25":2,"26":1,"27":1,"28":4,"29":1},"f":{"0":0,"1":4},"b":{"0":[0],"1":[0],"2":[2,2],"3":[4,3],"4":[1,1],"5":[8,8],"6":[6,8],"7":[1,1]},"_coverageSchema":"1a1c01bbd47fc00a2c39e90264f33305004495a9","hash":"42ea5f84c53e8aea32fac2b255fa8ddd4ab2eed7"}
}
