TN:
SF:controllers\calculoController.js
FN:5,(anonymous_0)
FN:18,(anonymous_1)
FNF:2
FNH:1
FNDA:0,(anonymous_0)
FNDA:4,(anonymous_1)
DA:1,1
DA:2,1
DA:5,1
DA:7,0
DA:8,0
DA:9,0
DA:11,0
DA:18,1
DA:21,4
DA:22,4
DA:23,4
DA:25,2
DA:26,1
DA:28,1
DA:31,2
DA:32,14
DA:33,14
DA:35,14
DA:37,16
DA:38,8
DA:39,8
DA:42,14
DA:43,6
DA:46,2
DA:47,1
DA:49,1
DA:53,4
DA:56,1
LF:28
LH:24
BRDA:5,0,0,0
BRDA:5,1,0,0
BRDA:23,2,0,2
BRDA:23,2,1,2
BRDA:23,3,0,4
BRDA:23,3,1,3
BRDA:25,4,0,1
BRDA:25,4,1,1
BRDA:37,5,0,8
BRDA:37,5,1,8
BRDA:42,6,0,6
BRDA:42,6,1,8
BRDA:46,7,0,1
BRDA:46,7,1,1
BRF:14
BRH:12
end_of_record
